<?xml version="1.0" encoding="UTF-8"?>
<testsuite xmlns:xsi="http://www.w3.org/2001/XMLSchema-instance" xsi:noNamespaceSchemaLocation="https://maven.apache.org/surefire/maven-surefire-plugin/xsd/surefire-test-report.xsd" name="com.calculator.CalculatorTest" time="0.076" tests="6" errors="0" skipped="0" failures="0">
  <properties>
[...]
</properties>
  <testcase name="testInvalidOperator" classname="com.calculator.CalculatorTest" time="0.05"/>
  <testcase name="testMultiplication" classname="com.calculator.CalculatorTest" time="0.005"/>
  <testcase name="testAddition" classname="com.calculator.CalculatorTest" time="0.001"/>
  <testcase name="testDivisionByZero" classname="com.calculator.CalculatorTest" time="0.001"/>
  <testcase name="testDivision" classname="com.calculator.CalculatorTest" time="0"/>
  <testcase name="testSubtraction" classname="com.calculator.CalculatorTest" time="0"/>
</testsuite>