<?xml version="1.0" encoding="utf-8"?>
<TestRun id="25eae5d4-3536-473c-bb69-615f2cdc5197" name="prestopa@DESKTOP-R5HS7BG 2026-03-04 23:11:35" runUser="NORTHAMERICA\prestopa" xmlns="http://microsoft.com/schemas/VisualStudio/TeamTest/2010">
  <Times creation="2026-03-04T23:11:35.7267223-05:00" queuing="2026-03-04T23:11:35.7267231-05:00" start="2026-03-04T23:11:13.3146053-05:00" finish="2026-03-04T23:11:35.7407725-05:00" />
  <TestSettings name="default" id="0cbf693c-801c-49ac-a6a0-eba143e09e2e">
    <Deployment runDeploymentRoot="prestopa_DESKTOP-R5HS7BG_2026-03-04_23_11_35" />
  </TestSettings>
  <Results>
    <UnitTestResult executionId="45bcbb19-b71a-41a6-bfa8-8952b343f3cb" testId="fa81ec51-a9a0-b51b-4fa8-1aa37491c310" testName="calculator.tests.e2e.CalculatorWebSmokeTests.HomePageLoadsSuccessfully" computerName="DESKTOP-R5HS7BG" duration="00:00:21.4715871" startTime="2026-03-04T23:11:14.0981821-05:00" endTime="2026-03-04T23:11:35.5844601-05:00" testType="13cdc9d9-ddb5-4fa4-a97d-d965ccfc6d4b" outcome="Passed" testListId="8c84fa94-04c1-424b-9868-57a2d4851a1d" relativeResultsDirectory="45bcbb19-b71a-41a6-bfa8-8952b343f3cb" />
  </Results>
  <TestDefinitions>
    <UnitTest name="calculator.tests.e2e.CalculatorWebSmokeTests.HomePageLoadsSuccessfully" storage="c:\onedrive-prsn\onedrive\02.00.00.general\repos\git\project-gengo\programming\dotnet\csharp\workspace\calculator-xunit-testing\calculator.tests.e2e\bin\debug\net10.0\calculator.tests.e2e.dll" id="fa81ec51-a9a0-b51b-4fa8-1aa37491c310">
      <Execution id="45bcbb19-b71a-41a6-bfa8-8952b343f3cb" />
      <TestMethod codeBase="C:\onedrive-prsn\OneDrive\02.00.00.GENERAL\repos\git\project-gengo\programming\dotnet\csharp\workspace\calculator-xunit-testing\calculator.tests.e2e\bin\Debug\net10.0\calculator.tests.e2e.dll" adapterTypeName="executor://xunit/VsTestRunner3/netcore/" className="calculator.tests.e2e.CalculatorWebSmokeTests" name="HomePageLoadsSuccessfully" />
    </UnitTest>
  </TestDefinitions>
  <TestEntries>
    <TestEntry testId="fa81ec51-a9a0-b51b-4fa8-1aa37491c310" executionId="45bcbb19-b71a-41a6-bfa8-8952b343f3cb" testListId="8c84fa94-04c1-424b-9868-57a2d4851a1d" />
  </TestEntries>
  <TestLists>
    <TestList name="Results Not in a List" id="8c84fa94-04c1-424b-9868-57a2d4851a1d" />
    <TestList name="All Loaded Results" id="19431567-8539-422a-85d7-44ee4e166bda" />
  </TestLists>
  <ResultSummary outcome="Completed">
    <Counters total="1" executed="1" passed="1" failed="0" error="0" timeout="0" aborted="0" inconclusive="0" passedButRunAborted="0" notRunnable="0" notExecuted="0" disconnected="0" warning="0" completed="0" inProgress="0" pending="0" />
    <Output>
      <StdOut>[xUnit.net 00:00:00.00] xUnit.net VSTest Adapter v3.1.4+50e68bbb8b (64-bit .NET 10.0.3)&#xD;
[xUnit.net 00:00:00.11]   Discovering: calculator.tests.e2e&#xD;
[xUnit.net 00:00:00.16]   Discovered:  calculator.tests.e2e&#xD;
[xUnit.net 00:00:00.18]   Starting:    calculator.tests.e2e&#xD;
[xUnit.net 00:00:21.72]   Finished:    calculator.tests.e2e&#xD;
</StdOut>
    </Output>
  </ResultSummary>
</TestRun>